<?xml version="1.0" encoding="UTF-8"?>
<testng-results ignored="0" total="1" passed="1" failed="0" skipped="0">
  <reporter-output>
  </reporter-output>
  <suite started-at="2024-02-16T14:43:27 IST" name="Default suite" finished-at="2024-02-16T14:45:50 IST" duration-ms="143169">
    <groups>
    </groups>
    <test started-at="2024-02-16T14:43:27 IST" name="Default test" finished-at="2024-02-16T14:45:50 IST" duration-ms="143169">
      <class name="TestExecution.ExecutionClass">
        <test-method is-config="true" signature="openBrowser()[pri:0, instance:TestExecution.ExecutionClass@5824a83d]" started-at="2024-02-16T14:43:27 IST" name="openBrowser" finished-at="2024-02-16T14:43:46 IST" duration-ms="19315" status="PASS">
          <reporter-output>
          </reporter-output>
        </test-method> <!-- openBrowser -->
        <test-method signature="Execute()[pri:0, instance:TestExecution.ExecutionClass@5824a83d]" started-at="2024-02-16T14:43:46 IST" name="Execute" finished-at="2024-02-16T14:45:50 IST" duration-ms="123757" status="PASS">
          <reporter-output>
          </reporter-output>
        </test-method> <!-- Execute -->
      </class> <!-- TestExecution.ExecutionClass -->
    </test> <!-- Default test -->
  </suite> <!-- Default suite -->
</testng-results>
