<?xml version="1.0" encoding="UTF-8"?>
<testng-results ignored="0" total="1" passed="1" failed="0" skipped="0">
  <reporter-output>
  </reporter-output>
  <suite started-at="2023-11-17T16:16:26 IST" name="Default suite" finished-at="2023-11-17T16:21:07 IST" duration-ms="280639">
    <groups>
    </groups>
    <test started-at="2023-11-17T16:16:26 IST" name="Default test" finished-at="2023-11-17T16:21:07 IST" duration-ms="280639">
      <class name="TestCaseExecution.ExecuteTestCase">
        <test-method is-config="true" signature="openBrowser()[pri:0, instance:TestCaseExecution.ExecuteTestCase@4145bad8]" started-at="2023-11-17T16:16:26 IST" name="openBrowser" finished-at="2023-11-17T16:16:38 IST" duration-ms="11451" status="PASS">
          <reporter-output>
          </reporter-output>
        </test-method> <!-- openBrowser -->
        <test-method signature="testCases()[pri:0, instance:TestCaseExecution.ExecuteTestCase@4145bad8]" started-at="2023-11-17T16:16:38 IST" name="testCases" finished-at="2023-11-17T16:21:07 IST" duration-ms="269085" status="PASS">
          <reporter-output>
          </reporter-output>
        </test-method> <!-- testCases -->
      </class> <!-- TestCaseExecution.ExecuteTestCase -->
    </test> <!-- Default test -->
  </suite> <!-- Default suite -->
</testng-results>
